[DEBUG] [2018-06-29 15:42:23][com.breamer.demo.dao.UserDAO.userList]==>  Preparing: select id, user_name, user_password from user order by id desc 
  [DEBUG] [2018-06-29 15:42:23][com.breamer.demo.dao.UserDAO.userList]==> Parameters: 
  [DEBUG] [2018-06-29 15:42:23][com.breamer.demo.dao.UserDAO.userList]<==      Total: 2
  [DEBUG] [2018-06-29 15:42:23][com.breamer.demo.dao.UserDAO.userList]==>  Preparing: select id, user_name, user_password from user order by id desc 
  [DEBUG] [2018-06-29 15:42:23][com.breamer.demo.dao.UserDAO.userList]==> Parameters: 
  [DEBUG] [2018-06-29 15:42:23][com.breamer.demo.dao.UserDAO.userList]<==      Total: 2
  [DEBUG] [2018-06-29 15:43:01][com.breamer.demo.dao.UserDAO.userList]==>  Preparing: select id, user_name, user_password from user order by id desc 
  [DEBUG] [2018-06-29 15:43:01][com.breamer.demo.dao.UserDAO.userList]==> Parameters: 
  [DEBUG] [2018-06-29 15:43:01][com.breamer.demo.dao.UserDAO.userList]<==      Total: 2
  [DEBUG] [2018-06-29 15:43:01][com.breamer.demo.dao.UserDAO.userList]==>  Preparing: select id, user_name, user_password from user order by id desc 
  [DEBUG] [2018-06-29 15:43:01][com.breamer.demo.dao.UserDAO.userList]==> Parameters: 
  [DEBUG] [2018-06-29 15:43:01][com.breamer.demo.dao.UserDAO.userList]<==      Total: 2
  [INFO] [2018-06-29 15:49:23][com.breamer.demo.filter.ParamFilter]****************************---Filter
  [DEBUG] [2018-06-29 15:49:23][com.breamer.demo.dao.UserDAO.userList]==>  Preparing: select id, user_name, user_password from user order by id desc 
  [DEBUG] [2018-06-29 15:49:23][com.breamer.demo.dao.UserDAO.userList]==> Parameters: 
  [DEBUG] [2018-06-29 15:49:23][com.breamer.demo.dao.UserDAO.userList]<==      Total: 2
  [DEBUG] [2018-06-29 15:49:23][com.breamer.demo.dao.UserDAO.userList]==>  Preparing: select id, user_name, user_password from user order by id desc 
  [DEBUG] [2018-06-29 15:49:23][com.breamer.demo.dao.UserDAO.userList]==> Parameters: 
  [DEBUG] [2018-06-29 15:49:23][com.breamer.demo.dao.UserDAO.userList]<==      Total: 2
  [INFO] [2018-06-29 16:52:24][com.breamer.demo.filter.ParamFilter]****************************---Filter
  [INFO] [2018-06-29 16:53:01][com.breamer.demo.filter.ParamFilter]****************************---Filter
  [INFO] [2018-06-29 16:56:03][com.breamer.demo.filter.ParamFilter]****************************---Filter
  [INFO] [2018-06-29 16:58:42][com.breamer.demo.filter.ParamFilter]****************************---Filter
  [INFO] [2018-06-29 16:58:42][com.breamer.demo.handler.AppInterceptor]****************************---Interceptor
  [DEBUG] [2018-06-29 16:58:42][com.breamer.demo.dao.UserDAO.userList]==>  Preparing: select id, user_name, user_password from user order by id desc 
  [DEBUG] [2018-06-29 16:58:42][com.breamer.demo.dao.UserDAO.userList]==> Parameters: 
  [DEBUG] [2018-06-29 16:58:42][com.breamer.demo.dao.UserDAO.userList]<==      Total: 2
  [DEBUG] [2018-06-29 16:58:42][com.breamer.demo.dao.UserDAO.userList]==>  Preparing: select id, user_name, user_password from user order by id desc 
  [DEBUG] [2018-06-29 16:58:42][com.breamer.demo.dao.UserDAO.userList]==> Parameters: 
  [DEBUG] [2018-06-29 16:58:42][com.breamer.demo.dao.UserDAO.userList]<==      Total: 2
  [INFO] [2018-06-29 17:27:35][com.breamer.demo.filter.ParamFilter]****************************---Filter
  [INFO] [2018-06-29 17:27:35][com.breamer.demo.handler.AppInterceptor]****************************---Interceptor
  [DEBUG] [2018-06-29 17:27:35][com.breamer.demo.dao.UserDAO.userList]==>  Preparing: select id, user_name, user_password from user order by id desc 
  [DEBUG] [2018-06-29 17:27:35][com.breamer.demo.dao.UserDAO.userList]==> Parameters: 
  [DEBUG] [2018-06-29 17:27:35][com.breamer.demo.dao.UserDAO.userList]<==      Total: 2
  [DEBUG] [2018-06-29 17:27:35][com.breamer.demo.dao.UserDAO.userList]==>  Preparing: select id, user_name, user_password from user order by id desc 
  [DEBUG] [2018-06-29 17:27:35][com.breamer.demo.dao.UserDAO.userList]==> Parameters: 
  [DEBUG] [2018-06-29 17:27:35][com.breamer.demo.dao.UserDAO.userList]<==      Total: 2
  [INFO] [2018-06-29 17:28:18][com.breamer.demo.filter.ParamFilter]****************************---Filter
  [INFO] [2018-07-06 17:14:43][com.breamer.demo.filter.ParamFilter]****************************---Filter
  [INFO] [2018-07-06 17:14:43][com.breamer.demo.filter.ParamFilter]****************************---Filter
  [INFO] [2018-07-06 17:14:43][com.breamer.demo.filter.ParamFilter]****************************---Filter
  [INFO] [2018-07-06 17:14:43][com.breamer.demo.filter.ParamFilter]****************************---Filter
  [INFO] [2018-07-06 17:16:31][com.breamer.demo.filter.ParamFilter]****************************---Filter
  [INFO] [2018-07-06 17:16:33][com.breamer.demo.filter.ParamFilter]****************************---Filter
  [INFO] [2018-07-06 17:17:42][com.breamer.demo.filter.ParamFilter]****************************---Filter
  [INFO] [2018-07-06 17:17:42][com.breamer.demo.handler.AppInterceptor]****************************---Interceptor
  [INFO] [2018-07-06 17:17:42][com.breamer.demo.filter.ParamFilter]****************************---Filter
  [INFO] [2018-07-06 17:17:42][com.breamer.demo.handler.AppInterceptor]****************************---Interceptor
  [INFO] [2018-07-06 17:17:42][com.breamer.demo.filter.ParamFilter]****************************---Filter
  [INFO] [2018-07-06 17:17:42][com.breamer.demo.handler.AppInterceptor]****************************---Interceptor
  [INFO] [2018-07-06 17:17:42][com.breamer.demo.handler.AppInterceptor]****************************---Interceptor
  [INFO] [2018-07-06 17:17:42][com.breamer.demo.filter.ParamFilter]****************************---Filter
  [INFO] [2018-07-06 17:17:42][com.breamer.demo.handler.AppInterceptor]****************************---Interceptor
  [INFO] [2018-07-06 17:17:42][com.breamer.demo.filter.ParamFilter]****************************---Filter
  [INFO] [2018-07-06 17:17:42][com.breamer.demo.handler.AppInterceptor]****************************---Interceptor
  [INFO] [2018-07-06 17:17:42][com.breamer.demo.handler.AppInterceptor]****************************---Interceptor
  [INFO] [2018-07-06 17:17:42][com.breamer.demo.filter.ParamFilter]****************************---Filter
  [INFO] [2018-07-06 17:17:42][com.breamer.demo.handler.AppInterceptor]****************************---Interceptor
  [INFO] [2018-07-06 17:17:42][com.breamer.demo.filter.ParamFilter]****************************---Filter
  [INFO] [2018-07-06 17:17:42][com.breamer.demo.handler.AppInterceptor]****************************---Interceptor
  [INFO] [2018-07-06 17:19:14][com.breamer.demo.filter.ParamFilter]****************************---Filter
  [INFO] [2018-07-06 17:19:14][com.breamer.demo.handler.AppInterceptor]****************************---Interceptor
  [INFO] [2018-07-06 17:22:29][com.breamer.demo.filter.ParamFilter]****************************---Filter
  [INFO] [2018-07-06 17:22:29][com.breamer.demo.handler.AppInterceptor]****************************---Interceptor
  [INFO] [2018-07-06 17:22:29][com.breamer.demo.filter.ParamFilter]****************************---Filter
  [INFO] [2018-07-06 17:22:29][com.breamer.demo.handler.AppInterceptor]****************************---Interceptor
  [INFO] [2018-07-06 17:22:29][com.breamer.demo.filter.ParamFilter]****************************---Filter
  [INFO] [2018-07-06 17:22:29][com.breamer.demo.handler.AppInterceptor]****************************---Interceptor
  [INFO] [2018-07-06 17:22:29][com.breamer.demo.filter.ParamFilter]****************************---Filter
  [INFO] [2018-07-06 17:22:29][com.breamer.demo.handler.AppInterceptor]****************************---Interceptor
  [INFO] [2018-07-06 17:22:29][com.breamer.demo.filter.ParamFilter]****************************---Filter
  [INFO] [2018-07-06 17:22:29][com.breamer.demo.handler.AppInterceptor]****************************---Interceptor
  [INFO] [2018-07-06 17:22:42][com.breamer.demo.filter.ParamFilter]****************************---Filter
  [INFO] [2018-07-06 17:22:42][com.breamer.demo.handler.AppInterceptor]****************************---Interceptor
  [DEBUG] [2018-07-09 11:04:41][com.breamer.demo.dao.UserDAO.addUser]==>  Preparing: INSERT INTO USER (user_name,user_password) VALUES(?,?) 
  [DEBUG] [2018-07-09 11:04:41][com.breamer.demo.dao.UserDAO.addUser]==> Parameters: breamer(String), beyond(String)
  [DEBUG] [2018-07-09 11:05:56][com.breamer.demo.dao.UserDAO.addUser]==>  Preparing: INSERT INTO user (user_name,user_password) VALUES(?,?) 
  [DEBUG] [2018-07-09 11:05:56][com.breamer.demo.dao.UserDAO.addUser]==> Parameters: breamer(String), beyond(String)
  [DEBUG] [2018-07-09 11:05:56][com.breamer.demo.dao.UserDAO.addUser]<==    Updates: 1
  [DEBUG] [2018-07-09 14:53:24][com.breamer.demo.dao.UserDAO.addUser]==>  Preparing: INSERT INTO user (user_name,user_password) VALUES(?,?) 
  [DEBUG] [2018-07-09 14:53:24][com.breamer.demo.dao.UserDAO.addUser]==> Parameters: breamer(String), beyond(String)
  [DEBUG] [2018-07-09 14:53:24][com.breamer.demo.dao.UserDAO.addUser]<==    Updates: 1
  [DEBUG] [2018-07-09 14:59:22][com.breamer.demo.dao.UserDAO.addUser]==>  Preparing: INSERT INTO user (user_name,user_password) VALUES(?,?) 
  [DEBUG] [2018-07-09 14:59:22][com.breamer.demo.dao.UserDAO.addUser]==> Parameters: breamer(String), beyond(String)
  [DEBUG] [2018-07-09 14:59:22][com.breamer.demo.dao.UserDAO.addUser]<==    Updates: 1
  [DEBUG] [2018-07-09 15:00:24][com.breamer.demo.dao.UserDAO.addUser]==>  Preparing: INSERT INTO user (user_name,user_password) VALUES(?,?) 
  [DEBUG] [2018-07-09 15:00:24][com.breamer.demo.dao.UserDAO.addUser]==> Parameters: breamer(String), beyond(String)
  [DEBUG] [2018-07-09 15:00:24][com.breamer.demo.dao.UserDAO.addUser]<==    Updates: 1
  [INFO] [2018-07-20 16:04:31][com.alibaba.druid.pool.DruidDataSource]{dataSource-1} inited
  [DEBUG] [2018-07-20 16:04:32][com.breamer.demo.dao.UserDAO.userList]==>  Preparing: select id, user_name, user_password from user order by id desc 
  [DEBUG] [2018-07-20 16:04:32][com.breamer.demo.dao.UserDAO.userList]==> Parameters: 
  [DEBUG] [2018-07-20 16:04:32][com.breamer.demo.dao.UserDAO.userList]<==      Total: 2
  [DEBUG] [2018-07-20 16:04:32][com.breamer.demo.dao.UserDAO.userList]==>  Preparing: select id, user_name, user_password from user order by id desc 
  [DEBUG] [2018-07-20 16:04:32][com.breamer.demo.dao.UserDAO.userList]==> Parameters: 
  [DEBUG] [2018-07-20 16:04:32][com.breamer.demo.dao.UserDAO.userList]<==      Total: 2
  [INFO] [2018-07-20 17:12:11][com.alibaba.druid.pool.DruidDataSource]{dataSource-1} inited
  [DEBUG] [2018-07-20 17:12:11][com.breamer.demo.dao.UserDAO.userList]==>  Preparing: select id, user_name, user_password from user order by id desc 
  [DEBUG] [2018-07-20 17:12:11][com.breamer.demo.dao.UserDAO.userList]==> Parameters: 
  [DEBUG] [2018-07-20 17:12:11][com.breamer.demo.dao.UserDAO.userList]<==      Total: 2
  [DEBUG] [2018-07-20 17:12:11][com.breamer.demo.dao.UserDAO.userList]==>  Preparing: select id, user_name, user_password from user order by id desc 
  [DEBUG] [2018-07-20 17:12:11][com.breamer.demo.dao.UserDAO.userList]==> Parameters: 
  [DEBUG] [2018-07-20 17:12:11][com.breamer.demo.dao.UserDAO.userList]<==      Total: 2
  [INFO] [2018-07-31 15:43:20][com.alibaba.druid.pool.DruidDataSource]{dataSource-1} inited
  [DEBUG] [2018-07-31 15:44:31][com.breamer.demo.dao.primary.UserDAO.userList]==>  Preparing: select id, user_name, user_password from user order by id desc 
  [DEBUG] [2018-07-31 15:44:31][com.breamer.demo.dao.primary.UserDAO.userList]==> Parameters: 
  [DEBUG] [2018-07-31 15:44:31][com.breamer.demo.dao.primary.UserDAO.userList]<==      Total: 3
  [INFO] [2018-07-31 15:47:42][com.alibaba.druid.pool.DruidDataSource]{dataSource-1} inited
  [DEBUG] [2018-07-31 15:51:46][com.breamer.demo.dao.primary.UserDAO.userList]==>  Preparing: select id, user_name, user_password from user order by id desc 
  [DEBUG] [2018-07-31 15:51:47][com.breamer.demo.dao.primary.UserDAO.userList]==> Parameters: 
  [DEBUG] [2018-07-31 15:51:47][com.breamer.demo.dao.primary.UserDAO.userList]<==      Total: 3
  [INFO] [2018-07-31 15:54:01][com.alibaba.druid.pool.DruidDataSource]{dataSource-1} inited
  [DEBUG] [2018-07-31 15:54:01][com.breamer.demo.dao.secondary.StudentDAO.studentList]==>  Preparing: select s_id, s_name, s_age from student order by s_id desc 
  [DEBUG] [2018-07-31 15:54:01][com.breamer.demo.dao.secondary.StudentDAO.studentList]==> Parameters: 
  [DEBUG] [2018-07-31 15:54:01][com.breamer.demo.dao.secondary.StudentDAO.studentList]<==      Total: 3
  [INFO] [2018-07-31 16:02:35][com.alibaba.druid.pool.DruidDataSource]{dataSource-1} inited
  [DEBUG] [2018-07-31 16:02:35][com.breamer.demo.dao.primary.UserDAO.userList]==>  Preparing: select id, user_name, user_password from user order by id desc 
  [DEBUG] [2018-07-31 16:02:35][com.breamer.demo.dao.primary.UserDAO.userList]==> Parameters: 
  [DEBUG] [2018-07-31 16:02:35][com.breamer.demo.dao.primary.UserDAO.userList]<==      Total: 3
  [INFO] [2018-07-31 16:14:56][com.alibaba.druid.pool.DruidDataSource]{dataSource-1} inited
  [DEBUG] [2018-07-31 16:14:56][com.breamer.demo.dao.primary.UserDAO.userList]==>  Preparing: select id, user_name, user_password from user order by id desc 
  [DEBUG] [2018-07-31 16:14:56][com.breamer.demo.dao.primary.UserDAO.userList]==> Parameters: 
  [DEBUG] [2018-07-31 16:14:56][com.breamer.demo.dao.primary.UserDAO.userList]<==      Total: 3
  [INFO] [2018-07-31 16:15:04][com.alibaba.druid.pool.DruidDataSource]{dataSource-2} inited
  [DEBUG] [2018-07-31 16:15:04][com.breamer.demo.dao.secondary.StudentDAO.studentList]==>  Preparing: select s_id, s_name, s_age from student order by s_id desc 
  [DEBUG] [2018-07-31 16:15:04][com.breamer.demo.dao.secondary.StudentDAO.studentList]==> Parameters: 
  [DEBUG] [2018-07-31 16:15:04][com.breamer.demo.dao.secondary.StudentDAO.studentList]<==      Total: 3
  [INFO] [2018-07-31 16:25:55][com.alibaba.druid.pool.DruidDataSource]{dataSource-1} inited
  [DEBUG] [2018-07-31 16:25:55][com.breamer.demo.dao.primary.UserDAO.userList]==>  Preparing: select id, user_name, user_password from user order by id desc 
  [DEBUG] [2018-07-31 16:25:55][com.breamer.demo.dao.primary.UserDAO.userList]==> Parameters: 
  [DEBUG] [2018-07-31 16:25:55][com.breamer.demo.dao.primary.UserDAO.userList]<==      Total: 3
  [INFO] [2018-07-31 16:26:12][com.alibaba.druid.pool.DruidDataSource]{dataSource-2} inited
  [DEBUG] [2018-07-31 16:26:12][com.breamer.demo.dao.secondary.StudentDAO.studentList]==>  Preparing: select s_id, s_name, s_age from student order by s_id desc 
  [DEBUG] [2018-07-31 16:26:12][com.breamer.demo.dao.secondary.StudentDAO.studentList]==> Parameters: 
  [DEBUG] [2018-07-31 16:26:12][com.breamer.demo.dao.secondary.StudentDAO.studentList]<==      Total: 3
  [DEBUG] [2018-07-31 16:26:17][com.breamer.demo.dao.secondary.StudentDAO.studentList]==>  Preparing: select s_id, s_name, s_age from student order by s_id desc 
  [DEBUG] [2018-07-31 16:26:17][com.breamer.demo.dao.secondary.StudentDAO.studentList]==> Parameters: 
  [DEBUG] [2018-07-31 16:26:18][com.breamer.demo.dao.secondary.StudentDAO.studentList]<==      Total: 3
  [DEBUG] [2018-07-31 16:26:24][com.breamer.demo.dao.primary.UserDAO.userList]==>  Preparing: select id, user_name, user_password from user order by id desc 
  [DEBUG] [2018-07-31 16:26:24][com.breamer.demo.dao.primary.UserDAO.userList]==> Parameters: 
  [DEBUG] [2018-07-31 16:26:24][com.breamer.demo.dao.primary.UserDAO.userList]<==      Total: 3
  [INFO] [2018-07-31 16:29:40][com.alibaba.druid.pool.DruidDataSource]{dataSource-1} inited
  [DEBUG] [2018-07-31 16:29:40][com.breamer.demo.dao.secondary.StudentDAO.studentList]==>  Preparing: select s_id, s_name, s_age from student order by s_id desc 
  [DEBUG] [2018-07-31 16:29:40][com.breamer.demo.dao.secondary.StudentDAO.studentList]==> Parameters: 
  [DEBUG] [2018-07-31 16:29:40][com.breamer.demo.dao.secondary.StudentDAO.studentList]<==      Total: 3
  [INFO] [2018-07-31 16:29:48][com.alibaba.druid.pool.DruidDataSource]{dataSource-2} inited
  [DEBUG] [2018-07-31 16:29:48][com.breamer.demo.dao.primary.UserDAO.userList]==>  Preparing: select id, user_name, user_password from user order by id desc 
  [DEBUG] [2018-07-31 16:29:48][com.breamer.demo.dao.primary.UserDAO.userList]==> Parameters: 
  [DEBUG] [2018-07-31 16:29:49][com.breamer.demo.dao.primary.UserDAO.userList]<==      Total: 3
  [INFO] [2018-07-31 16:31:37][com.alibaba.druid.pool.DruidDataSource]{dataSource-1} inited
  [DEBUG] [2018-07-31 16:31:37][com.breamer.demo.dao.secondary.StudentDAO.studentList]==>  Preparing: select s_id, s_name, s_age from student order by s_id desc 
  [DEBUG] [2018-07-31 16:31:37][com.breamer.demo.dao.secondary.StudentDAO.studentList]==> Parameters: 
  [DEBUG] [2018-07-31 16:31:37][com.breamer.demo.dao.secondary.StudentDAO.studentList]<==      Total: 3
  [INFO] [2018-07-31 16:32:06][com.alibaba.druid.pool.DruidDataSource]{dataSource-2} inited
  [DEBUG] [2018-07-31 16:32:06][com.breamer.demo.dao.primary.UserDAO.userList]==>  Preparing: select id, user_name, user_password from user order by id desc 
  [DEBUG] [2018-07-31 16:32:06][com.breamer.demo.dao.primary.UserDAO.userList]==> Parameters: 
  [DEBUG] [2018-07-31 16:32:06][com.breamer.demo.dao.primary.UserDAO.userList]<==      Total: 3
  [DEBUG] [2018-07-31 16:32:36][com.breamer.demo.dao.secondary.StudentDAO.studentList]==>  Preparing: select s_id, s_name, s_age from student order by s_id desc 
  [DEBUG] [2018-07-31 16:32:36][com.breamer.demo.dao.secondary.StudentDAO.studentList]==> Parameters: 
  [DEBUG] [2018-07-31 16:32:36][com.breamer.demo.dao.secondary.StudentDAO.studentList]<==      Total: 3
  [DEBUG] [2018-07-31 16:33:05][com.breamer.demo.dao.secondary.StudentDAO.addStudent]==>  Preparing: INSERT INTO student (s_name,s_age) VALUES(?,?) 
  [INFO] [2018-07-31 16:35:01][com.alibaba.druid.pool.DruidDataSource]{dataSource-1} inited
  [DEBUG] [2018-07-31 16:35:01][com.breamer.demo.dao.secondary.StudentDAO.studentList]==>  Preparing: select s_id, s_name, s_age from student order by s_id desc 
  [DEBUG] [2018-07-31 16:35:01][com.breamer.demo.dao.secondary.StudentDAO.studentList]==> Parameters: 
  [DEBUG] [2018-07-31 16:35:01][com.breamer.demo.dao.secondary.StudentDAO.studentList]<==      Total: 3
  [INFO] [2018-07-31 16:35:03][com.alibaba.druid.pool.DruidDataSource]{dataSource-2} inited
  [DEBUG] [2018-07-31 16:35:03][com.breamer.demo.dao.primary.UserDAO.userList]==>  Preparing: select id, user_name, user_password from user order by id desc 
  [DEBUG] [2018-07-31 16:35:03][com.breamer.demo.dao.primary.UserDAO.userList]==> Parameters: 
  [DEBUG] [2018-07-31 16:35:03][com.breamer.demo.dao.primary.UserDAO.userList]<==      Total: 3
  [DEBUG] [2018-07-31 16:35:07][com.breamer.demo.dao.secondary.StudentDAO.addStudent]==>  Preparing: INSERT INTO student (s_name,s_age) VALUES(?,?) 
  [DEBUG] [2018-07-31 16:35:15][com.breamer.demo.dao.secondary.StudentDAO.studentList]==>  Preparing: select s_id, s_name, s_age from student order by s_id desc 
  [DEBUG] [2018-07-31 16:35:15][com.breamer.demo.dao.secondary.StudentDAO.studentList]==> Parameters: 
  [DEBUG] [2018-07-31 16:35:15][com.breamer.demo.dao.secondary.StudentDAO.studentList]<==      Total: 3
  [DEBUG] [2018-07-31 16:35:25][com.breamer.demo.dao.primary.UserDAO.addUser]==>  Preparing: INSERT INTO user (user_name,user_password) VALUES(?,?) 
  [DEBUG] [2018-07-31 16:35:25][com.breamer.demo.dao.primary.UserDAO.addUser]==> Parameters: sdfsd(String), sdfsdf(String)
  [DEBUG] [2018-07-31 16:35:25][com.breamer.demo.dao.primary.UserDAO.addUser]<==    Updates: 1
  [DEBUG] [2018-07-31 16:35:28][com.breamer.demo.dao.primary.UserDAO.userList]==>  Preparing: select id, user_name, user_password from user order by id desc 
  [DEBUG] [2018-07-31 16:35:28][com.breamer.demo.dao.primary.UserDAO.userList]==> Parameters: 
  [DEBUG] [2018-07-31 16:35:28][com.breamer.demo.dao.primary.UserDAO.userList]<==      Total: 4
  [INFO] [2018-07-31 16:37:26][com.alibaba.druid.pool.DruidDataSource]{dataSource-1} inited
  [DEBUG] [2018-07-31 16:37:26][com.breamer.demo.dao.secondary.StudentDAO.addStudent]==>  Preparing: INSERT INTO student (s_name,s_age) VALUES(?,?) 
  [DEBUG] [2018-07-31 16:37:26][com.breamer.demo.dao.secondary.StudentDAO.addStudent]==> Parameters: sada(String), 11(Integer)
  [DEBUG] [2018-07-31 16:37:26][com.breamer.demo.dao.secondary.StudentDAO.addStudent]<==    Updates: 1
  [DEBUG] [2018-07-31 16:37:31][com.breamer.demo.dao.secondary.StudentDAO.studentList]==>  Preparing: select s_id, s_name, s_age from student order by s_id desc 
  [DEBUG] [2018-07-31 16:37:31][com.breamer.demo.dao.secondary.StudentDAO.studentList]==> Parameters: 
  [DEBUG] [2018-07-31 16:37:31][com.breamer.demo.dao.secondary.StudentDAO.studentList]<==      Total: 4
  [INFO] [2018-07-31 16:37:41][com.alibaba.druid.pool.DruidDataSource]{dataSource-2} inited
  [DEBUG] [2018-07-31 16:37:41][com.breamer.demo.dao.secondary.StudentDAO.addStudent]==>  Preparing: INSERT INTO student (s_name,s_age) VALUES(?,?) 
  [DEBUG] [2018-07-31 16:37:41][com.breamer.demo.dao.secondary.StudentDAO.addStudent]==> Parameters: dsfdsd(String), 14(Integer)
  [DEBUG] [2018-07-31 16:37:41][com.breamer.demo.dao.secondary.StudentDAO.addStudent]<==    Updates: 1
  [DEBUG] [2018-07-31 16:37:48][com.breamer.demo.dao.secondary.StudentDAO.studentList]==>  Preparing: select s_id, s_name, s_age from student order by s_id desc 
  [DEBUG] [2018-07-31 16:37:48][com.breamer.demo.dao.secondary.StudentDAO.studentList]==> Parameters: 
  [DEBUG] [2018-07-31 16:37:48][com.breamer.demo.dao.secondary.StudentDAO.studentList]<==      Total: 5
  [DEBUG] [2018-07-31 16:38:21][com.breamer.demo.dao.primary.UserDAO.addUser]==>  Preparing: INSERT INTO user (user_name,user_password) VALUES(?,?) 
  [DEBUG] [2018-07-31 16:38:21][com.breamer.demo.dao.primary.UserDAO.addUser]==> Parameters: sdfsdaaa(String), ssdaaa(String)
  [DEBUG] [2018-07-31 16:38:21][com.breamer.demo.dao.primary.UserDAO.addUser]<==    Updates: 1
  [DEBUG] [2018-07-31 16:38:26][com.breamer.demo.dao.primary.UserDAO.userList]==>  Preparing: select id, user_name, user_password from user order by id desc 
  [DEBUG] [2018-07-31 16:38:26][com.breamer.demo.dao.primary.UserDAO.userList]==> Parameters: 
  [DEBUG] [2018-07-31 16:38:26][com.breamer.demo.dao.primary.UserDAO.userList]<==      Total: 4
  [DEBUG] [2018-07-31 16:38:27][com.breamer.demo.dao.primary.UserDAO.userList]==>  Preparing: select id, user_name, user_password from user order by id desc 
  [DEBUG] [2018-07-31 16:38:27][com.breamer.demo.dao.primary.UserDAO.userList]==> Parameters: 
  [DEBUG] [2018-07-31 16:38:27][com.breamer.demo.dao.primary.UserDAO.userList]<==      Total: 4
  [DEBUG] [2018-07-31 16:38:30][com.breamer.demo.dao.primary.UserDAO.userList]==>  Preparing: select id, user_name, user_password from user order by id desc 
  [DEBUG] [2018-07-31 16:38:30][com.breamer.demo.dao.primary.UserDAO.userList]==> Parameters: 
  [DEBUG] [2018-07-31 16:38:30][com.breamer.demo.dao.primary.UserDAO.userList]<==      Total: 4
  [DEBUG] [2018-07-31 16:38:30][com.breamer.demo.dao.primary.UserDAO.userList]==>  Preparing: select id, user_name, user_password from user order by id desc 
  [DEBUG] [2018-07-31 16:38:30][com.breamer.demo.dao.primary.UserDAO.userList]==> Parameters: 
  [DEBUG] [2018-07-31 16:38:30][com.breamer.demo.dao.primary.UserDAO.userList]<==      Total: 4
  [DEBUG] [2018-07-31 16:38:31][com.breamer.demo.dao.primary.UserDAO.userList]==>  Preparing: select id, user_name, user_password from user order by id desc 
  [DEBUG] [2018-07-31 16:38:31][com.breamer.demo.dao.primary.UserDAO.userList]==> Parameters: 
  [DEBUG] [2018-07-31 16:38:31][com.breamer.demo.dao.primary.UserDAO.userList]<==      Total: 4
  [INFO] [2018-07-31 16:40:55][com.alibaba.druid.pool.DruidDataSource]{dataSource-1} inited
  [INFO] [2018-07-31 16:40:59][com.alibaba.druid.pool.DruidDataSource]{dataSource-2} inited
  [DEBUG] [2018-07-31 16:40:59][com.breamer.demo.dao.secondary.StudentDAO.addStudent]==>  Preparing: INSERT INTO student (s_name,s_age) VALUES(?,?) 
  [DEBUG] [2018-07-31 16:40:59][com.breamer.demo.dao.secondary.StudentDAO.addStudent]==> Parameters: dsfdsd(String), 15(Integer)
  [DEBUG] [2018-07-31 16:40:59][com.breamer.demo.dao.secondary.StudentDAO.addStudent]<==    Updates: 1
  [DEBUG] [2018-07-31 16:41:05][com.breamer.demo.dao.secondary.StudentDAO.studentList]==>  Preparing: select s_id, s_name, s_age from student order by s_id desc 
  [DEBUG] [2018-07-31 16:41:05][com.breamer.demo.dao.secondary.StudentDAO.studentList]==> Parameters: 
  [DEBUG] [2018-07-31 16:41:05][com.breamer.demo.dao.secondary.StudentDAO.studentList]<==      Total: 6
  [DEBUG] [2018-07-31 16:41:50][com.breamer.demo.dao.primary.UserDAO.addUser]==>  Preparing: INSERT INTO user (user_name,user_password) VALUES(?,?) 
  [DEBUG] [2018-07-31 16:41:50][com.breamer.demo.dao.primary.UserDAO.addUser]==> Parameters: sdfsdaaa(String), ssdaaa(String)
  [DEBUG] [2018-07-31 16:41:50][com.breamer.demo.dao.primary.UserDAO.addUser]<==    Updates: 1
  [DEBUG] [2018-07-31 16:42:01][com.breamer.demo.dao.primary.UserDAO.userList]==>  Preparing: select id, user_name, user_password from user order by id desc 
  [DEBUG] [2018-07-31 16:42:01][com.breamer.demo.dao.primary.UserDAO.userList]==> Parameters: 
  [DEBUG] [2018-07-31 16:42:01][com.breamer.demo.dao.primary.UserDAO.userList]<==      Total: 4
  [INFO] [2018-07-31 16:47:50][com.alibaba.druid.pool.DruidDataSource]{dataSource-1} inited
  [INFO] [2018-07-31 16:47:54][com.alibaba.druid.pool.DruidDataSource]{dataSource-2} inited
  [DEBUG] [2018-07-31 16:47:54][com.breamer.demo.dao.secondary.StudentDAO.addStudent]==>  Preparing: INSERT INTO student (s_name,s_age) VALUES(?,?) 
  [DEBUG] [2018-07-31 16:47:54][com.breamer.demo.dao.secondary.StudentDAO.addStudent]==> Parameters: dsfdsd(String), 16(Integer)
  [DEBUG] [2018-07-31 16:47:54][com.breamer.demo.dao.secondary.StudentDAO.addStudent]<==    Updates: 1
  [DEBUG] [2018-07-31 16:47:58][com.breamer.demo.dao.secondary.StudentDAO.studentList]==>  Preparing: select s_id, s_name, s_age from student order by s_id desc 
  [DEBUG] [2018-07-31 16:47:58][com.breamer.demo.dao.secondary.StudentDAO.studentList]==> Parameters: 
  [DEBUG] [2018-07-31 16:47:58][com.breamer.demo.dao.secondary.StudentDAO.studentList]<==      Total: 7
  [INFO] [2018-07-31 16:52:34][com.alibaba.druid.pool.DruidDataSource]{dataSource-1} inited
  [DEBUG] [2018-07-31 16:52:34][com.breamer.demo.dao.secondary.StudentDAO.studentList]==>  Preparing: select s_id, s_name, s_age from student order by s_id desc 
  [DEBUG] [2018-07-31 16:52:34][com.breamer.demo.dao.secondary.StudentDAO.studentList]==> Parameters: 
  [DEBUG] [2018-07-31 16:52:34][com.breamer.demo.dao.secondary.StudentDAO.studentList]<==      Total: 7
  [DEBUG] [2018-07-31 16:52:41][com.breamer.demo.dao.secondary.StudentDAO.addStudent]==>  Preparing: INSERT INTO student (s_name,s_age) VALUES(?,?) 
  [DEBUG] [2018-07-31 16:52:41][com.breamer.demo.dao.secondary.StudentDAO.addStudent]==> Parameters: dsfdsd(String), 17(Integer)
  [DEBUG] [2018-07-31 16:52:41][com.breamer.demo.dao.secondary.StudentDAO.addStudent]<==    Updates: 1
  [DEBUG] [2018-07-31 16:52:45][com.breamer.demo.dao.secondary.StudentDAO.studentList]==>  Preparing: select s_id, s_name, s_age from student order by s_id desc 
  [DEBUG] [2018-07-31 16:52:45][com.breamer.demo.dao.secondary.StudentDAO.studentList]==> Parameters: 
  [DEBUG] [2018-07-31 16:52:45][com.breamer.demo.dao.secondary.StudentDAO.studentList]<==      Total: 7
  [INFO] [2018-07-31 16:53:32][com.alibaba.druid.pool.DruidDataSource]{dataSource-1} inited
  [INFO] [2018-07-31 16:53:37][com.alibaba.druid.pool.DruidDataSource]{dataSource-2} inited
  [DEBUG] [2018-07-31 16:53:37][com.breamer.demo.dao.secondary.StudentDAO.addStudent]==>  Preparing: INSERT INTO student (s_name,s_age) VALUES(?,?) 
  [DEBUG] [2018-07-31 16:53:37][com.breamer.demo.dao.secondary.StudentDAO.addStudent]==> Parameters: dsfdsd(String), 17(Integer)
  [DEBUG] [2018-07-31 16:53:37][com.breamer.demo.dao.secondary.StudentDAO.addStudent]<==    Updates: 1
  [DEBUG] [2018-07-31 16:53:45][com.breamer.demo.dao.secondary.StudentDAO.studentList]==>  Preparing: select s_id, s_name, s_age from student order by s_id desc 
  [DEBUG] [2018-07-31 16:53:45][com.breamer.demo.dao.secondary.StudentDAO.studentList]==> Parameters: 
  [DEBUG] [2018-07-31 16:53:45][com.breamer.demo.dao.secondary.StudentDAO.studentList]<==      Total: 8
  [DEBUG] [2018-07-31 16:53:52][com.breamer.demo.dao.secondary.StudentDAO.studentList]==>  Preparing: select s_id, s_name, s_age from student order by s_id desc 
  [DEBUG] [2018-07-31 16:53:52][com.breamer.demo.dao.secondary.StudentDAO.studentList]==> Parameters: 
  [DEBUG] [2018-07-31 16:53:52][com.breamer.demo.dao.secondary.StudentDAO.studentList]<==      Total: 8
  [INFO] [2018-07-31 16:54:40][com.alibaba.druid.pool.DruidDataSource]{dataSource-2} inited
  [DEBUG] [2018-07-31 16:54:40][com.breamer.demo.dao.primary.UserDAO.userList]==>  Preparing: select id, user_name, user_password from user order by id desc 
  [INFO] [2018-07-31 16:54:40][com.alibaba.druid.pool.DruidDataSource]{dataSource-1} inited
  [DEBUG] [2018-07-31 16:54:40][com.breamer.demo.dao.secondary.StudentDAO.studentList]==>  Preparing: select s_id, s_name, s_age from student order by s_id desc 
  [DEBUG] [2018-07-31 16:54:40][com.breamer.demo.dao.primary.UserDAO.userList]==> Parameters: 
  [DEBUG] [2018-07-31 16:54:40][com.breamer.demo.dao.secondary.StudentDAO.studentList]==> Parameters: 
  [DEBUG] [2018-07-31 16:54:40][com.breamer.demo.dao.primary.UserDAO.userList]<==      Total: 4
  [DEBUG] [2018-07-31 16:54:40][com.breamer.demo.dao.secondary.StudentDAO.studentList]<==      Total: 8
  [DEBUG] [2018-07-31 16:54:51][com.breamer.demo.dao.primary.UserDAO.addUser]==>  Preparing: INSERT INTO user (user_name,user_password) VALUES(?,?) 
  [DEBUG] [2018-07-31 16:54:51][com.breamer.demo.dao.primary.UserDAO.addUser]==> Parameters: sdfsdaaasss(String), ssdaaa(String)
  [DEBUG] [2018-07-31 16:54:51][com.breamer.demo.dao.primary.UserDAO.addUser]<==    Updates: 1
  [DEBUG] [2018-07-31 16:54:55][com.breamer.demo.dao.primary.UserDAO.userList]==>  Preparing: select id, user_name, user_password from user order by id desc 
  [DEBUG] [2018-07-31 16:54:55][com.breamer.demo.dao.primary.UserDAO.userList]==> Parameters: 
  [DEBUG] [2018-07-31 16:54:55][com.breamer.demo.dao.primary.UserDAO.userList]<==      Total: 4
  [DEBUG] [2018-07-31 16:55:04][com.breamer.demo.dao.secondary.StudentDAO.addStudent]==>  Preparing: INSERT INTO student (s_name,s_age) VALUES(?,?) 
  [DEBUG] [2018-07-31 16:55:04][com.breamer.demo.dao.secondary.StudentDAO.addStudent]==> Parameters: dsfdsd(String), 20(Integer)
  [DEBUG] [2018-07-31 16:55:04][com.breamer.demo.dao.secondary.StudentDAO.addStudent]<==    Updates: 1
  [DEBUG] [2018-07-31 16:55:07][com.breamer.demo.dao.secondary.StudentDAO.studentList]==>  Preparing: select s_id, s_name, s_age from student order by s_id desc 
  [DEBUG] [2018-07-31 16:55:07][com.breamer.demo.dao.secondary.StudentDAO.studentList]==> Parameters: 
  [DEBUG] [2018-07-31 16:55:08][com.breamer.demo.dao.secondary.StudentDAO.studentList]<==      Total: 8
  [DEBUG] [2018-07-31 16:55:08][com.breamer.demo.dao.secondary.StudentDAO.studentList]==>  Preparing: select s_id, s_name, s_age from student order by s_id desc 
  [DEBUG] [2018-07-31 16:55:08][com.breamer.demo.dao.secondary.StudentDAO.studentList]==> Parameters: 
  [DEBUG] [2018-07-31 16:55:08][com.breamer.demo.dao.secondary.StudentDAO.studentList]<==      Total: 8
  [INFO] [2018-08-01 11:32:00][com.alibaba.druid.pool.DruidDataSource]{dataSource-1} inited
  [DEBUG] [2018-08-01 11:32:00][com.breamer.demo.dao.secondary.StudentDAO.studentList]==>  Preparing: select s_id, s_name, s_age from student order by s_id desc 
  [DEBUG] [2018-08-01 11:32:00][com.breamer.demo.dao.secondary.StudentDAO.studentList]==> Parameters: 
  [DEBUG] [2018-08-01 11:32:01][com.breamer.demo.dao.secondary.StudentDAO.studentList]<==      Total: 8
  [INFO] [2018-08-01 11:32:07][com.alibaba.druid.pool.DruidDataSource]{dataSource-2} inited
  [DEBUG] [2018-08-01 11:32:07][com.breamer.demo.dao.primary.UserDAO.userList]==>  Preparing: select id, user_name, user_password from user order by id desc 
  [DEBUG] [2018-08-01 11:32:07][com.breamer.demo.dao.primary.UserDAO.userList]==> Parameters: 
  [DEBUG] [2018-08-01 11:32:07][com.breamer.demo.dao.primary.UserDAO.userList]<==      Total: 4
  [INFO] [2018-08-02 10:58:20][com.alibaba.druid.pool.DruidDataSource]{dataSource-1} inited
  [DEBUG] [2018-08-02 10:58:20][com.breamer.demo.dao.primary.UserDAO.userList]==>  Preparing: select id, user_name, user_password from user order by id desc 
  [DEBUG] [2018-08-02 10:58:20][com.breamer.demo.dao.primary.UserDAO.userList]==> Parameters: 
  [DEBUG] [2018-08-02 10:58:20][com.breamer.demo.dao.primary.UserDAO.userList]<==      Total: 4
  